<?xml version="1.0" encoding="UTF-8"?>
<!-- Generated by org.testng.reporters.JUnitReportReporter -->
<testsuite hostname="DESKTOP-SPPOVFG" failures="0" tests="7" name="testleafmain.basictc" time="20.011" errors="0" timestamp="2022-03-23T09:05:48 IST" skipped="0">
  <testcase classname="testleafmain.basictc" name="hyberlink" time="1.467"/>
  <system-out/>
  <testcase classname="testleafmain.basictc" name="browserinstall" time="12.457"/>
  <system-out/>
  <testcase classname="testleafmain.basictc" name="image" time="1.902"/>
  <system-out/>
  <testcase classname="testleafmain.basictc" name="dropdown" time="1.482"/>
  <system-out/>
  <testcase classname="testleafmain.basictc" name="radiobutton" time="0.995"/>
  <system-out/>
  <testcase classname="testleafmain.basictc" name="checkbox" time="1.032"/>
  <system-out/>
  <testcase classname="testleafmain.basictc" name="table" time="0.676"/>
  <system-out/>
</testsuite> <!-- testleafmain.basictc -->
