<?xml version="1.0" encoding="UTF-8"?>
<!-- Generated by org.testng.reporters.JUnitReportReporter -->
<testsuite hostname="netxd-Latitude-3410" failures="0" tests="6" name="testleafmain.basictc" time="6.368" errors="0" timestamp="2022-03-03T20:43:11 IST" skipped="0">
  <testcase classname="testleafmain.basictc" name="hyberlink" time="0.548"/>
  <system-out/>
  <testcase classname="testleafmain.basictc" name="image" time="0.970"/>
  <system-out/>
  <testcase classname="testleafmain.basictc" name="browserinstall" time="3.842"/>
  <system-out/>
  <testcase classname="testleafmain.basictc" name="dropdown" time="0.571"/>
  <system-out/>
  <testcase classname="testleafmain.basictc" name="radiobutton" time="0.303"/>
  <system-out/>
  <testcase classname="testleafmain.basictc" name="checkbox" time="0.134"/>
  <system-out/>
</testsuite> <!-- testleafmain.basictc -->
