<?xml version="1.0" encoding="UTF-8"?>
<!-- Generated by org.testng.reporters.JUnitReportReporter -->
<testsuite hostname="netxd-Latitude-3410" failures="0" tests="6" name="testleafmain.basictc" time="6.332" errors="0" timestamp="2022-03-02T20:27:03 IST" skipped="0">
  <testcase classname="testleafmain.basictc" name="browserinstall" time="3.911"/>
  <system-out/>
  <testcase classname="testleafmain.basictc" name="image" time="1.075"/>
  <system-out/>
  <testcase classname="testleafmain.basictc" name="hyberlink" time="0.505"/>
  <system-out/>
  <testcase classname="testleafmain.basictc" name="dropdown" time="0.553"/>
  <system-out/>
  <testcase classname="testleafmain.basictc" name="radiobutton" time="0.287"/>
  <system-out/>
  <testcase classname="testleafmain.basictc" name="checkbox" time="0.001"/>
  <system-out/>
</testsuite> <!-- testleafmain.basictc -->
