<?xml version="1.0" encoding="UTF-8"?>
<!-- Generated by org.testng.reporters.JUnitReportReporter -->
<testsuite hostname="DESKTOP-SPPOVFG" failures="0" tests="3" name="testleafmain.basictc" time="34.699" errors="0" timestamp="2022-03-02T10:13:09 IST" skipped="0">
  <testcase classname="testleafmain.basictc" name="browserinstall" time="27.495"/>
  <system-out/>
  <testcase classname="testleafmain.basictc" name="hyberlink" time="4.189"/>
  <system-out/>
  <testcase classname="testleafmain.basictc" name="image" time="3.015"/>
  <system-out/>
</testsuite> <!-- testleafmain.basictc -->
