<?xml version="1.0" encoding="UTF-8"?>
<!-- Generated by org.testng.reporters.JUnitReportReporter -->
<testsuite hostname="DESKTOP-SPPOVFG" failures="0" tests="2" name="testleafmain.basictc" time="78.283" errors="0" timestamp="2022-03-01T09:51:37 IST" skipped="0">
  <testcase classname="testleafmain.basictc" name="hyberlink" time="3.676"/>
  <system-out/>
  <testcase classname="testleafmain.basictc" name="browserinstall" time="74.607"/>
  <system-out/>
</testsuite> <!-- testleafmain.basictc -->
